<?xml version="1.0" encoding="UTF-8"?>
<testsuite xmlns:xsi="http://www.w3.org/2001/XMLSchema-instance" xsi:noNamespaceSchemaLocation="https://maven.apache.org/surefire/maven-surefire-plugin/xsd/surefire-test-report.xsd" name="edu.udacity.java.nano.WebSocketChatApplicationTest" time="28.925" tests="4" errors="0" skipped="0" failures="0">
  <properties>
[...]
</properties>
  <testcase name="chat" classname="edu.udacity.java.nano.WebSocketChatApplicationTest" time="7.283"/>
  <testcase name="join" classname="edu.udacity.java.nano.WebSocketChatApplicationTest" time="3.413"/>
  <testcase name="leave" classname="edu.udacity.java.nano.WebSocketChatApplicationTest" time="3.597"/>
  <testcase name="login" classname="edu.udacity.java.nano.WebSocketChatApplicationTest" time="3.727"/>
</testsuite>